TN:
SF:script/preorder/DeployPreOrder.s.sol
FN:27,DeployPreOrder.run
FNDA:0,DeployPreOrder.run
DA:29,0
DA:30,0
DA:32,0
DA:37,0
DA:41,0
DA:45,0
DA:49,0
DA:55,0
DA:56,0
DA:57,0
DA:58,0
DA:59,0
DA:62,0
DA:63,0
DA:67,0
DA:68,0
DA:76,0
DA:78,0
DA:82,0
DA:83,0
FNF:1
FNH:0
LF:20
LH:0
BRF:0
BRH:0
end_of_record
TN:
SF:script/preorder/DeployPreOrderImpl.s.sol
FN:11,DeployPreOrderImpl.run
FNDA:0,DeployPreOrderImpl.run
DA:13,0
DA:15,0
DA:20,0
DA:22,0
DA:24,0
FNF:1
FNH:0
LF:5
LH:0
BRF:0
BRH:0
end_of_record
TN:
SF:script/preorder/UpdatePreOrder.s.sol
FN:20,UpdatePreOrder.run
FNDA:0,UpdatePreOrder.run
DA:22,0
DA:24,0
DA:26,0
DA:28,0
DA:30,0
DA:32,0
DA:34,0
FNF:1
FNH:0
LF:7
LH:0
BRF:0
BRH:0
end_of_record
TN:
SF:script/user-safe/DeployUserSafe.s.sol
FN:15,DeployUserSafe.run
FNDA:0,DeployUserSafe.run
DA:17,0
DA:18,0
DA:21,0
DA:23,0
DA:25,0
DA:32,0
DA:34,0
DA:47,0
DA:48,0
DA:50,0
DA:51,0
DA:58,0
DA:64,0
DA:65,0
FNF:1
FNH:0
LF:14
LH:0
BRF:0
BRH:0
end_of_record
TN:
SF:script/user-safe/DeployUserSafeFactory.s.sol
FN:18,DeployUserSafeFactory.run
FNDA:0,DeployUserSafeFactory.run
DA:20,0
DA:21,0
DA:24,0
DA:26,0
DA:28,0
DA:29,0
DA:34,0
DA:39,0
DA:41,0
DA:53,0
FNF:1
FNH:0
LF:10
LH:0
BRF:0
BRH:0
end_of_record
TN:
SF:script/user-safe/MockSetup.s.sol
FN:43,DeployMockUserSafeSetup.run
FNDA:0,DeployMockUserSafeSetup.run
DA:45,0
DA:46,0
DA:48,0
DA:50,0
DA:51,0
DA:52,0
DA:54,0
DA:55,0
DA:56,0
DA:57,0
DA:58,0
DA:60,0
DA:62,0
DA:63,0
DA:67,0
DA:68,0
DA:69,0
DA:70,0
DA:72,0
DA:73,0
DA:77,0
DA:78,0
DA:79,0
DA:80,0
DA:82,0
DA:83,0
DA:84,0
DA:85,0
DA:87,0
DA:89,0
DA:95,0
DA:97,0
DA:110,0
DA:122,0
DA:127,0
DA:128,0
DA:129,0
DA:130,0
DA:131,0
DA:137,0
DA:139,0
DA:141,0
DA:143,0
DA:144,0
DA:149,0
DA:150,0
DA:155,0
DA:160,0
DA:165,0
DA:170,0
DA:175,0
DA:180,0
DA:185,0
DA:190,0
DA:195,0
DA:200,0
DA:205,0
DA:206,0
DA:212,0
DA:219,0
DA:225,0
DA:227,0
FN:230,DeployMockUserSafeSetup.deployErc20
FNDA:0,DeployMockUserSafeSetup.deployErc20
DA:235,0
FNF:2
FNH:0
LF:63
LH:0
BRF:0
BRH:0
end_of_record
TN:
SF:script/user-safe/MockSetupArbiSepolia.s.sol
FN:48,DeployMockArbitrumSepoliaSetup.run
FNDA:0,DeployMockArbitrumSepoliaSetup.run
DA:50,0
DA:51,0
DA:53,0
DA:55,0
DA:56,0
DA:57,0
DA:62,0
DA:65,0
DA:67,0
DA:68,0
DA:72,0
DA:73,0
DA:74,0
DA:75,0
DA:76,0
DA:78,0
DA:79,0
DA:83,0
DA:84,0
DA:85,0
DA:86,0
DA:88,0
DA:89,0
DA:90,0
DA:91,0
DA:93,0
DA:94,0
DA:95,0
DA:96,0
DA:98,0
DA:100,0
DA:106,0
DA:108,0
DA:122,0
DA:134,0
DA:139,0
DA:140,0
DA:141,0
DA:142,0
DA:143,0
DA:144,0
DA:150,0
DA:152,0
DA:154,0
DA:156,0
DA:157,0
DA:162,0
DA:163,0
DA:168,0
DA:173,0
DA:178,0
DA:183,0
DA:188,0
DA:193,0
DA:198,0
DA:203,0
DA:208,0
DA:213,0
DA:218,0
DA:219,0
DA:225,0
DA:232,0
DA:238,0
DA:240,0
FN:243,DeployMockArbitrumSepoliaSetup.deployErc20
FNDA:0,DeployMockArbitrumSepoliaSetup.deployErc20
DA:248,0
FNF:2
FNH:0
LF:65
LH:0
BRF:0
BRH:0
end_of_record
TN:
SF:script/user-safe/Setup.s.sol
FN:50,DeployUserSafeSetup.run
FNDA:0,DeployUserSafeSetup.run
DA:52,0
DA:53,0
DA:55,0
DA:57,0
DA:58,0
DA:60,0
DA:61,0
DA:62,0
DA:63,0
DA:65,0
DA:66,0
DA:67,0
DA:69,0
DA:70,0
DA:72,0
DA:82,0
DA:92,0
DA:93,0
DA:94,0
DA:96,0
DA:97,0
DA:98,0
DA:99,0
DA:101,0
DA:106,0
DA:110,0
DA:117,0
DA:118,0
DA:122,0
DA:123,0
DA:124,0
DA:125,0
DA:127,0
DA:128,0
DA:132,0
DA:133,0
DA:134,0
DA:135,0
DA:137,0
DA:138,0
DA:139,0
DA:140,0
DA:142,0
DA:144,0
DA:150,0
DA:152,0
DA:165,0
DA:177,0
DA:182,0
DA:183,0
DA:184,0
DA:185,0
DA:186,0
DA:192,0
DA:194,0
DA:196,0
DA:198,0
DA:199,0
DA:204,0
DA:205,0
DA:210,0
DA:215,0
DA:220,0
DA:225,0
DA:230,0
DA:235,0
DA:240,0
DA:245,0
DA:250,0
DA:255,0
DA:260,0
DA:261,0
DA:267,0
DA:274,0
DA:280,0
DA:282,0
FNF:1
FNH:0
LF:76
LH:0
BRF:0
BRH:0
end_of_record
TN:
SF:script/user-safe/UpgradeDebtManager.s.sol
FN:12,UpgradeDebtManager.run
FNDA:0,UpgradeDebtManager.run
DA:14,0
DA:17,0
DA:19,0
DA:21,0
DA:26,0
DA:27,0
DA:29,0
FNF:1
FNH:0
LF:7
LH:0
BRF:0
BRH:0
end_of_record
TN:
SF:script/user-safe/UpgradeUserSafe.s.sol
FN:15,UpgradeUserSafe.run
FNDA:0,UpgradeUserSafe.run
DA:17,0
DA:20,0
DA:22,0
DA:24,0
DA:29,0
DA:34,0
DA:39,0
DA:46,0
DA:52,0
DA:54,0
FNF:1
FNH:0
LF:10
LH:0
BRF:0
BRH:0
end_of_record
TN:
SF:script/user-safe/Utils.sol
FN:22,Utils.getChainConfig
FNDA:0,Utils.getChainConfig
DA:25,0
DA:29,0
DA:31,0
DA:33,0
DA:38,0
DA:43,0
DA:48,0
DA:53,0
DA:58,0
DA:63,0
DA:68,0
DA:73,0
DA:78,0
FN:92,Utils.readDeploymentFile
FNDA:0,Utils.readDeploymentFile
DA:93,0
DA:94,0
DA:95,0
DA:96,0
FN:99,Utils.writeDeploymentFile
FNDA:0,Utils.writeDeploymentFile
DA:100,0
DA:101,0
DA:102,0
DA:103,0
FN:106,Utils.writeUserSafeDeploymentFile
FNDA:0,Utils.writeUserSafeDeploymentFile
DA:107,0
DA:108,0
DA:109,0
DA:110,0
FN:113,Utils.isFork
FNDA:0,Utils.isFork
DA:114,0
FN:119,Utils.getQuoteOneInch
FNDA:0,Utils.getQuoteOneInch
DA:127,0
DA:128,0
DA:129,0
DA:130,0
DA:131,0
DA:132,0
DA:133,0
DA:134,0
DA:135,0
DA:136,0
DA:138,0
FNF:6
FNH:0
LF:37
LH:0
BRF:0
BRH:0
end_of_record
TN:
SF:src/UUPSProxy.sol
FN:7,UUPSProxy.
FNDA:0,UUPSProxy.
FNF:1
FNH:0
LF:0
LH:0
BRF:0
BRH:0
end_of_record
TN:
SF:src/adapters/aave-v3/EtherFiCashAaveV3Adapter.sol
FN:22,EtherFiCashAaveV3Adapter.
FNDA:2,EtherFiCashAaveV3Adapter.
DA:28,2
DA:29,0
BRDA:29,0,0,-
DA:31,2
DA:32,2
DA:33,2
DA:34,2
FN:40,EtherFiCashAaveV3Adapter.process
FNDA:7,EtherFiCashAaveV3Adapter.process
DA:46,7
DA:48,7
DA:49,0
BRDA:49,1,0,-
DA:51,7
DA:53,7
FN:64,EtherFiCashAaveV3Adapter.supply
FNDA:3,EtherFiCashAaveV3Adapter.supply
DA:65,3
DA:67,3
DA:68,0
BRDA:68,2,0,-
FN:74,EtherFiCashAaveV3Adapter.borrow
FNDA:3,EtherFiCashAaveV3Adapter.borrow
DA:75,3
FN:81,EtherFiCashAaveV3Adapter.repay
FNDA:2,EtherFiCashAaveV3Adapter.repay
DA:82,2
FN:88,EtherFiCashAaveV3Adapter.withdraw
FNDA:2,EtherFiCashAaveV3Adapter.withdraw
DA:89,2
FN:95,EtherFiCashAaveV3Adapter.getAccountData
FNDA:0,EtherFiCashAaveV3Adapter.getAccountData
DA:98,0
DA:105,0
DA:107,0
FN:121,EtherFiCashAaveV3Adapter.getDebt
FNDA:10,EtherFiCashAaveV3Adapter.getDebt
DA:125,10
DA:135,10
DA:136,10
FN:142,EtherFiCashAaveV3Adapter.getCollateralBalance
FNDA:9,EtherFiCashAaveV3Adapter.getCollateralBalance
DA:146,9
FN:152,EtherFiCashAaveV3Adapter._supply
FNDA:10,EtherFiCashAaveV3Adapter._supply
DA:153,10
DA:154,10
FN:157,EtherFiCashAaveV3Adapter._borrow
FNDA:10,EtherFiCashAaveV3Adapter._borrow
DA:158,10
FN:167,EtherFiCashAaveV3Adapter._repay
FNDA:2,EtherFiCashAaveV3Adapter._repay
DA:168,2
DA:169,2
FN:172,EtherFiCashAaveV3Adapter._withdraw
FNDA:2,EtherFiCashAaveV3Adapter._withdraw
DA:173,2
FN:180,EtherFiCashAaveV3Adapter._getIsCollateral
FNDA:10,EtherFiCashAaveV3Adapter._getIsCollateral
DA:183,10
FNF:14
FNH:13
LF:31
LH:25
BRF:3
BRH:0
end_of_record
TN:
SF:src/cash-wrapper-token/CashTokenWrapperFactory.sol
FN:17,CashTokenWrapperFactory.
FNDA:0,CashTokenWrapperFactory.
FN:22,CashTokenWrapperFactory.deployWrapper
FNDA:10,CashTokenWrapperFactory.deployWrapper
DA:23,10
BRDA:23,0,0,-
DA:24,10
DA:32,10
DA:33,10
DA:35,10
DA:36,10
FN:39,CashTokenWrapperFactory.whitelistMinters
FNDA:5,CashTokenWrapperFactory.whitelistMinters
DA:44,4
BRDA:44,1,0,-
DA:45,4
FN:48,CashTokenWrapperFactory.whitelistRecipients
FNDA:6,CashTokenWrapperFactory.whitelistRecipients
DA:53,5
BRDA:53,2,0,-
DA:54,5
FNF:4
FNH:3
LF:10
LH:10
BRF:3
BRH:0
end_of_record
TN:
SF:src/cash-wrapper-token/CashWrappedERC20.sol
FN:27,CashWrappedERC20.
FNDA:7,CashWrappedERC20.
DA:28,7
FN:31,CashWrappedERC20.initialize
FNDA:10,CashWrappedERC20.initialize
DA:37,10
DA:38,10
DA:39,10
DA:40,10
DA:41,10
FN:44,CashWrappedERC20.decimals
FNDA:3,CashWrappedERC20.decimals
DA:45,3
FN:48,CashWrappedERC20.mint
FNDA:5,CashWrappedERC20.mint
DA:49,5
BRDA:49,0,0,1
DA:50,4
BRDA:50,1,0,1
DA:52,3
DA:53,3
FN:56,CashWrappedERC20.withdraw
FNDA:1,CashWrappedERC20.withdraw
DA:57,1
DA:58,1
DA:59,1
FN:62,CashWrappedERC20.transfer
FNDA:2,CashWrappedERC20.transfer
DA:63,2
BRDA:63,2,0,1
DA:64,1
DA:65,1
FN:68,CashWrappedERC20.transferFrom
FNDA:0,CashWrappedERC20.transferFrom
DA:69,0
BRDA:69,3,0,-
DA:70,0
DA:71,0
FN:74,CashWrappedERC20.whitelistMinters
FNDA:6,CashWrappedERC20.whitelistMinters
DA:75,5
DA:76,5
FN:79,CashWrappedERC20.whitelistRecipients
FNDA:7,CashWrappedERC20.whitelistRecipients
DA:80,6
DA:81,6
FN:84,CashWrappedERC20._whitelist
FNDA:11,CashWrappedERC20._whitelist
DA:89,11
DA:90,11
BRDA:90,4,0,-
DA:92,11
DA:93,11
DA:95,11
FN:100,CashWrappedERC20._onlyFactory
FNDA:13,CashWrappedERC20._onlyFactory
DA:101,13
BRDA:101,5,0,2
FN:104,CashWrappedERC20.onlyFactory
FNDA:6,CashWrappedERC20.onlyFactory
DA:105,6
FNF:12
FNH:11
LF:31
LH:28
BRF:6
BRH:4
end_of_record
TN:
SF:src/debt-manager/DebtManagerAdmin.sol
FN:8,DebtManagerAdmin.supportCollateralToken
FNDA:146,DebtManagerAdmin.supportCollateralToken
DA:12,145
DA:13,143
FN:16,DebtManagerAdmin.unsupportCollateralToken
FNDA:6,DebtManagerAdmin.unsupportCollateralToken
DA:19,5
BRDA:19,0,0,1
DA:20,4
DA:21,1
BRDA:21,1,0,1
DA:23,3
DA:26,3
BRDA:26,2,0,1
DA:28,2
DA:29,2
BRDA:29,3,0,1
DA:31,1
DA:35,1
DA:39,1
DA:40,1
DA:42,1
DA:43,1
DA:45,1
FN:48,DebtManagerAdmin.supportBorrowToken
FNDA:140,DebtManagerAdmin.supportBorrowToken
DA:53,139
DA:54,137
FN:57,DebtManagerAdmin.unsupportBorrowToken
FNDA:5,DebtManagerAdmin.unsupportBorrowToken
DA:58,4
DA:61,4
BRDA:61,4,0,1
DA:63,3
DA:64,1
BRDA:64,5,0,1
DA:66,2
DA:67,2
BRDA:67,6,0,1
DA:69,1
DA:73,1
DA:77,1
DA:78,1
DA:79,1
DA:81,1
FN:84,DebtManagerAdmin.setCollateralTokenConfig
FNDA:7,DebtManagerAdmin.setCollateralTokenConfig
DA:88,6
FN:91,DebtManagerAdmin.setBorrowApy
FNDA:4,DebtManagerAdmin.setBorrowApy
DA:95,3
FN:98,DebtManagerAdmin.setMinBorrowTokenShares
FNDA:4,DebtManagerAdmin.setMinBorrowTokenShares
DA:102,3
FN:105,DebtManagerAdmin._supportCollateralToken
FNDA:145,DebtManagerAdmin._supportCollateralToken
DA:106,145
BRDA:106,7,0,1
DA:108,144
DA:109,1
BRDA:109,8,0,1
DA:111,143
DA:114,143
BRDA:114,9,0,-
DA:116,143
DA:117,143
DA:119,143
FN:122,DebtManagerAdmin._supportBorrowToken
FNDA:139,DebtManagerAdmin._supportBorrowToken
DA:123,139
BRDA:123,10,0,1
DA:125,138
BRDA:125,11,0,1
DA:127,137
DA:128,137
DA:130,137
FN:134,DebtManagerAdmin._setCollateralTokenConfig
FNDA:150,DebtManagerAdmin._setCollateralTokenConfig
DA:138,150
DA:139,1
BRDA:139,12,0,1
DA:141,149
BRDA:141,13,0,-
DA:143,149
DA:149,149
FN:152,DebtManagerAdmin._setBorrowTokenConfig
FNDA:137,DebtManagerAdmin._setBorrowTokenConfig
DA:157,137
BRDA:157,14,0,-
DA:159,137
DA:168,137
DA:169,137
FN:172,DebtManagerAdmin._setBorrowApy
FNDA:3,DebtManagerAdmin._setBorrowApy
DA:173,3
BRDA:173,15,0,1
DA:174,2
BRDA:174,16,0,1
DA:176,1
DA:177,1
DA:178,1
FN:181,DebtManagerAdmin._setMinBorrowTokenShares
FNDA:3,DebtManagerAdmin._setMinBorrowTokenShares
DA:185,3
BRDA:185,17,0,1
DA:186,2
BRDA:186,18,0,1
DA:188,1
DA:189,1
DA:194,1
FNF:13
FNH:13
LF:65
LH:65
BRF:19
BRH:16
end_of_record
TN:
SF:src/debt-manager/DebtManagerCore.sol
FN:16,DebtManagerCore.cashDataProvider
FNDA:1,DebtManagerCore.cashDataProvider
DA:17,1
FN:20,DebtManagerCore.borrowTokenConfig
FNDA:5,DebtManagerCore.borrowTokenConfig
DA:23,8
DA:24,8
DA:30,8
FN:33,DebtManagerCore.collateralTokenConfig
FNDA:6,DebtManagerCore.collateralTokenConfig
DA:36,6
FN:39,DebtManagerCore.getCollateralTokens
FNDA:10,DebtManagerCore.getCollateralTokens
DA:40,10
DA:41,10
DA:43,10
DA:44,13
DA:46,13
DA:50,10
FN:53,DebtManagerCore.getBorrowTokens
FNDA:7,DebtManagerCore.getBorrowTokens
DA:54,7
DA:55,7
DA:57,7
DA:58,10
DA:60,10
DA:64,7
FN:67,DebtManagerCore.getUserCollateralForToken
FNDA:2,DebtManagerCore.getUserCollateralForToken
DA:71,2
BRDA:71,0,0,-
DA:72,2
DA:73,2
DA:78,2
FN:81,DebtManagerCore.totalBorrowingAmounts
FNDA:2,DebtManagerCore.totalBorrowingAmounts
DA:86,3
DA:87,3
DA:88,3
DA:90,3
DA:91,3
DA:95,3
DA:100,3
DA:103,3
DA:107,3
FN:110,DebtManagerCore.totalCollateralAmounts
FNDA:2,DebtManagerCore.totalCollateralAmounts
DA:115,3
DA:116,3
DA:117,3
DA:119,3
DA:120,3
DA:125,3
DA:131,3
DA:135,3
FN:138,DebtManagerCore.liquidatable
FNDA:6,DebtManagerCore.liquidatable
DA:139,15
DA:141,15
FN:144,DebtManagerCore.getMaxBorrowAmount
FNDA:0,DebtManagerCore.getMaxBorrowAmount
DA:148,74
DA:149,74
DA:151,74
DA:152,84
DA:159,66
BRDA:159,1,0,66
BRDA:157,1,1,18
DA:165,18
DA:173,84
DA:177,74
FN:180,DebtManagerCore.collateralOf
FNDA:2,DebtManagerCore.collateralOf
DA:183,12
DA:184,12
DA:185,12
DA:187,12
DA:188,15
DA:193,15
DA:199,15
DA:203,12
FN:207,DebtManagerCore._ensureHealth
FNDA:0,DebtManagerCore._ensureHealth
DA:208,35
DA:209,35
DA:210,3
BRDA:210,2,0,3
FN:213,DebtManagerCore.remainingBorrowingCapacityInUSD
FNDA:24,DebtManagerCore.remainingBorrowingCapacityInUSD
DA:216,24
DA:217,24
DA:219,24
DA:220,24
FN:225,DebtManagerCore.borrowApyPerSecond
FNDA:2,DebtManagerCore.borrowApyPerSecond
DA:228,2
FN:231,DebtManagerCore.borrowTokenMinShares
FNDA:1,DebtManagerCore.borrowTokenMinShares
DA:234,1
FN:237,DebtManagerCore.getCurrentState
FNDA:1,DebtManagerCore.getCurrentState
DA:249,1
DA:250,1
DA:251,1
DA:252,1
FN:255,DebtManagerCore.getUserCurrentState
FNDA:1,DebtManagerCore.getUserCurrentState
DA:265,1
DA:266,1
FN:269,DebtManagerCore.supplierBalance
FNDA:9,DebtManagerCore.supplierBalance
DA:273,10
DA:276,7
DA:277,7
FN:284,DebtManagerCore.supplierBalance
FNDA:1,DebtManagerCore.supplierBalance
DA:287,1
DA:288,1
DA:289,1
DA:291,1
DA:292,1
DA:293,1
DA:294,1
DA:295,1
DA:300,1
DA:304,1
FN:307,DebtManagerCore.totalSupplies
FNDA:1,DebtManagerCore.totalSupplies
DA:308,2
FN:311,DebtManagerCore.totalSupplies
FNDA:1,DebtManagerCore.totalSupplies
DA:312,1
DA:313,1
DA:314,1
DA:316,1
DA:317,1
DA:318,1
DA:319,1
DA:321,1
DA:326,1
DA:330,1
FN:333,DebtManagerCore.convertUsdToCollateralToken
FNDA:3,DebtManagerCore.convertUsdToCollateralToken
DA:337,11
DA:338,1
BRDA:338,4,0,1
DA:339,10
DA:340,10
DA:341,10
FN:346,DebtManagerCore.convertCollateralTokenToUsd
FNDA:52,DebtManagerCore.convertCollateralTokenToUsd
DA:350,190
DA:351,1
BRDA:351,5,0,1
DA:353,189
DA:354,189
DA:357,189
FN:360,DebtManagerCore.getCollateralValueInUsd
FNDA:21,DebtManagerCore.getCollateralValueInUsd
DA:363,21
DA:364,21
DA:366,21
DA:367,32
DA:373,32
DA:377,21
FN:379,DebtManagerCore.supply
FNDA:9,DebtManagerCore.supply
DA:384,9
BRDA:384,6,0,1
DA:385,8
DA:394,8
DA:395,0
BRDA:395,7,0,-
DA:397,8
DA:398,8
DA:401,8
DA:403,8
FN:406,DebtManagerCore.withdrawBorrowToken
FNDA:3,DebtManagerCore.withdrawBorrowToken
DA:407,3
DA:408,3
BRDA:408,8,0,-
DA:410,3
DA:416,3
BRDA:416,9,0,1
DA:417,2
BRDA:417,10,0,-
DA:419,2
DA:420,2
BRDA:420,11,0,1
DA:422,1
DA:423,1
DA:425,1
DA:426,1
FN:429,DebtManagerCore.depositCollateral
FNDA:65,DebtManagerCore.depositCollateral
DA:434,64
BRDA:434,12,0,1
DA:436,63
DA:437,63
DA:439,63
DA:440,1
BRDA:440,13,0,1
DA:442,62
DA:444,60
FN:447,DebtManagerCore.borrow
FNDA:34,DebtManagerCore.borrow
DA:448,33
BRDA:448,14,0,1
DA:449,32
DA:452,32
DA:453,32
BRDA:453,15,0,-
DA:455,32
DA:456,32
DA:458,32
DA:460,30
DA:461,1
BRDA:461,16,0,1
DA:463,29
DA:468,29
FN:471,DebtManagerCore.repay
FNDA:11,DebtManagerCore.repay
DA:476,11
DA:477,11
DA:478,1
BRDA:478,17,0,1
DA:479,11
BRDA:479,18,0,-
DA:481,11
BRDA:481,19,0,-
DA:483,11
FN:486,DebtManagerCore.withdrawCollateral
FNDA:4,DebtManagerCore.withdrawCollateral
DA:487,4
DA:488,4
BRDA:488,20,0,1
DA:490,3
DA:491,3
DA:493,3
DA:495,2
DA:497,2
FN:500,DebtManagerCore.closeAccount
FNDA:3,DebtManagerCore.closeAccount
DA:501,2
DA:502,2
DA:503,2
BRDA:503,21,0,-
DA:505,2
DA:506,2
DA:508,2
DA:510,3
DA:512,0
BRDA:512,22,0,-
DA:514,3
DA:515,3
DA:517,3
DA:520,3
DA:524,2
FN:528,DebtManagerCore.liquidate
FNDA:5,DebtManagerCore.liquidate
DA:533,5
DA:534,5
BRDA:534,23,0,1
DA:535,4
BRDA:535,24,0,-
DA:537,4
FN:540,DebtManagerCore._liquidateUser
FNDA:4,DebtManagerCore._liquidateUser
DA:545,4
DA:546,4
DA:548,4
BRDA:548,25,0,3
FN:551,DebtManagerCore._liquidate
FNDA:7,DebtManagerCore._liquidate
DA:557,7
DA:558,7
BRDA:558,26,0,-
DA:560,7
DA:566,7
DA:568,7
DA:570,7
DA:571,8
BRDA:571,27,0,8
DA:572,8
DA:575,8
DA:579,8
DA:586,8
DA:590,7
DA:591,7
DA:592,7
DA:595,7
DA:597,7
FN:607,DebtManagerCore.fundManagementOperation
FNDA:12,DebtManagerCore.fundManagementOperation
DA:611,11
DA:612,11
FN:616,DebtManagerCore._repayWithBorrowToken
FNDA:11,DebtManagerCore._repayWithBorrowToken
DA:621,11
DA:622,11
DA:623,11
DA:625,9
FN:628,DebtManagerCore._getCollateralTokensForDebtAmount
FNDA:7,DebtManagerCore._getCollateralTokensForDebtAmount
DA:633,7
DA:634,7
DA:636,7
DA:637,8
DA:638,8
DA:642,8
DA:643,8
DA:649,8
DA:650,2
BRDA:650,28,0,2
BRDA:648,28,1,6
DA:651,2
DA:652,2
DA:658,2
DA:663,2
DA:665,6
DA:666,6
DA:668,6
DA:674,6
DA:677,8
BRDA:677,29,0,6
DA:678,6
DA:680,6
DA:683,6
DA:687,2
DA:691,7
FN:699,DebtManagerCore._liquidCollateralAmounts
FNDA:1,DebtManagerCore._liquidCollateralAmounts
DA:700,1
DA:701,1
DA:703,1
DA:704,1
DA:708,1
DA:710,0
BRDA:710,30,0,-
BRDA:707,30,1,1
DA:716,1
DA:722,1
DA:726,1
FN:734,DebtManagerCore._liquidStableAmounts
FNDA:1,DebtManagerCore._liquidStableAmounts
DA:735,1
DA:736,1
DA:738,1
DA:739,1
DA:740,1
DA:743,1
DA:747,1
DA:750,1
DA:754,1
FN:757,DebtManagerCore._isUserSafe
FNDA:106,DebtManagerCore._isUserSafe
DA:758,106
BRDA:758,31,0,3
FN:761,DebtManagerCore.onlyUserSafe
FNDA:4,DebtManagerCore.onlyUserSafe
DA:762,4
FN:771,DebtManagerCore.
FNDA:312,DebtManagerCore.
DA:772,312
DA:778,312
DA:782,312
DA:792,312
DA:796,312
DA:797,23
DA:799,289
DA:800,289
FNF:42
FNH:40
LF:254
LH:251
BRF:34
BRH:22
end_of_record
TN:
SF:src/debt-manager/DebtManagerInitializer.sol
FN:11,DebtManagerInitializer.initialize
FNDA:133,DebtManagerInitializer.initialize
DA:16,133
DA:17,133
DA:18,133
DA:19,133
DA:21,133
FNF:1
FNH:1
LF:5
LH:5
BRF:0
BRH:0
end_of_record
TN:
SF:src/debt-manager/DebtManagerStorage.sol
FN:226,DebtManagerStorage.
FNDA:0,DebtManagerStorage.
DA:227,0
FN:234,DebtManagerStorage.setAdminImpl
FNDA:133,DebtManagerStorage.setAdminImpl
DA:235,133
DA:238,133
FN:242,DebtManagerStorage._authorizeUpgrade
FNDA:133,DebtManagerStorage._authorizeUpgrade
FN:246,DebtManagerStorage._getTotalBorrowTokenAmount
FNDA:18,DebtManagerStorage._getTotalBorrowTokenAmount
DA:249,18
DA:250,18
DA:251,18
FN:254,DebtManagerStorage.totalBorrowingAmount
FNDA:0,DebtManagerStorage.totalBorrowingAmount
DA:257,74
DA:258,74
FN:265,DebtManagerStorage._getAmountWithInterest
FNDA:246,DebtManagerStorage._getAmountWithInterest
DA:270,246
DA:271,246
FN:280,DebtManagerStorage.debtInterestIndexSnapshot
FNDA:0,DebtManagerStorage.debtInterestIndexSnapshot
DA:283,302
DA:284,302
DA:285,302
FN:290,DebtManagerStorage._updateBorrowings
FNDA:13,DebtManagerStorage._updateBorrowings
DA:291,13
DA:292,13
DA:293,13
DA:295,13
FN:300,DebtManagerStorage._updateBorrowings
FNDA:56,DebtManagerStorage._updateBorrowings
DA:301,56
DA:305,56
DA:307,56
DA:309,56
DA:314,56
DA:317,4
BRDA:317,0,0,4
DA:323,56
BRDA:323,1,0,54
DA:324,54
DA:325,54
DA:326,54
DA:330,54
DA:331,4
BRDA:331,2,0,4
FN:339,DebtManagerStorage.borrowingOf
FNDA:4,DebtManagerStorage.borrowingOf
DA:342,81
DA:343,81
DA:344,81
DA:346,81
DA:347,86
DA:348,86
DA:349,86
DA:351,86
DA:356,86
DA:360,81
FN:363,DebtManagerStorage.borrowingOf
FNDA:24,DebtManagerStorage.borrowingOf
DA:367,164
DA:368,164
FN:375,DebtManagerStorage.isCollateralToken
FNDA:30,DebtManagerStorage.isCollateralToken
DA:376,301
FN:379,DebtManagerStorage.isBorrowToken
FNDA:20,DebtManagerStorage.isBorrowToken
DA:380,81
FN:383,DebtManagerStorage._convertToSixDecimals
FNDA:34,DebtManagerStorage._convertToSixDecimals
DA:387,34
DA:388,34
DA:389,34
FN:394,DebtManagerStorage._convertFromSixDecimals
FNDA:32,DebtManagerStorage._convertFromSixDecimals
DA:398,32
DA:399,32
DA:400,32
FN:406,DebtManagerStorage._getDecimals
FNDA:265,DebtManagerStorage._getDecimals
DA:407,265
FNF:16
FNH:13
LF:50
LH:49
BRF:3
BRH:3
end_of_record
TN:
SF:src/libraries/AaveLib.sol
FN:19,AaveLib.aaveOperation
FNDA:11,AaveLib.aaveOperation
DA:24,11
BRDA:24,0,0,-
DA:26,11
BRDA:26,1,0,1
BRDA:26,1,1,-
DA:27,1
DA:31,1
DA:32,10
BRDA:32,2,0,1
BRDA:32,2,1,-
DA:33,1
DA:37,1
DA:38,9
BRDA:38,3,0,1
BRDA:38,3,1,-
DA:39,1
DA:43,1
DA:44,8
BRDA:44,4,0,1
BRDA:44,4,1,-
DA:45,1
DA:49,1
DA:51,7
DA:52,7
BRDA:52,5,0,7
BRDA:50,5,1,-
DA:53,7
DA:58,7
DA:59,7
DA:66,0
FN:69,AaveLib.supplyAndBorrowOnAave
FNDA:7,AaveLib.supplyAndBorrowOnAave
DA:76,7
FN:88,AaveLib.supplyOnAave
FNDA:1,AaveLib.supplyOnAave
DA:93,1
FN:103,AaveLib.borrowFromAave
FNDA:1,AaveLib.borrowFromAave
DA:108,1
FN:118,AaveLib.repayOnAave
FNDA:1,AaveLib.repayOnAave
DA:123,1
FN:133,AaveLib.withdrawFromAave
FNDA:1,AaveLib.withdrawFromAave
DA:138,1
FN:148,AaveLib.delegateCall
FNDA:11,AaveLib.delegateCall
DA:152,11
BRDA:152,6,0,-
BRDA:152,6,1,11
DA:157,11
DA:167,11
DA:170,11
DA:173,11
DA:176,11
DA:179,11
DA:181,11
BRDA:181,7,0,-
DA:182,0
FNF:7
FNH:7
LF:33
LH:31
BRF:14
BRH:6
end_of_record
TN:
SF:src/libraries/Base64Url.sol
FN:15,Base64Url.encode
FNDA:2,Base64Url.encode
DA:16,2
DA:19,2
DA:21,2
DA:25,2
DA:26,2
DA:31,24
DA:33,22
DA:34,22
DA:35,22
DA:37,22
DA:41,22
DA:43,22
DA:47,22
DA:49,22
DA:53,22
DA:55,22
DA:56,22
DA:61,2
DA:63,0
DA:65,2
DA:67,2
DA:71,2
DA:74,2
FNF:1
FNH:1
LF:23
LH:22
BRF:0
BRH:0
end_of_record
TN:
SF:src/libraries/EIP1271SignatureUtils.sol
FN:26,EIP1271SignatureUtils.checkSignature_EIP1271
FNDA:44,EIP1271SignatureUtils.checkSignature_EIP1271
DA:31,44
DA:39,44
BRDA:39,0,0,-
BRDA:39,0,1,43
DA:41,0
DA:43,0
BRDA:43,1,0,-
DA:45,44
DA:46,1
BRDA:46,2,0,1
FN:50,EIP1271SignatureUtils.isValidSignature_EIP1271
FNDA:0,EIP1271SignatureUtils.isValidSignature_EIP1271
DA:55,0
DA:63,0
BRDA:63,3,0,-
BRDA:63,3,1,-
DA:65,0
DA:69,0
DA:71,0
DA:73,0
FN:77,EIP1271SignatureUtils.isContract
FNDA:44,EIP1271SignatureUtils.isContract
DA:78,44
DA:80,44
DA:82,44
FNF:3
FNH:2
LF:15
LH:7
BRF:6
BRH:2
end_of_record
TN:
SF:src/libraries/OwnerLib.sol
FN:14,OwnerLib.getOwnerObject
FNDA:91,OwnerLib.getOwnerObject
DA:17,91
BRDA:17,0,0,82
DA:18,82
DA:20,82
DA:23,82
DA:26,9
DA:27,9
FN:30,OwnerLib.getOwnerObject
FNDA:41,OwnerLib.getOwnerObject
DA:33,41
FN:36,OwnerLib._onlyOwner
FNDA:0,OwnerLib._onlyOwner
DA:37,0
BRDA:37,1,0,-
DA:39,0
DA:41,0
DA:44,0
BRDA:44,2,0,-
FN:47,OwnerLib._ownerNotZero
FNDA:10,OwnerLib._ownerNotZero
DA:48,10
DA:49,0
BRDA:49,3,0,-
FNF:4
FNH:3
LF:13
LH:8
BRF:4
BRH:1
end_of_record
TN:
SF:src/libraries/SignatureUtils.sol
FN:16,SignatureUtils.verifySig
FNDA:45,SignatureUtils.verifySig
DA:21,45
DA:22,44
BRDA:22,0,0,44
BRDA:21,0,1,1
DA:24,1
DA:30,1
DA:37,0
BRDA:37,1,0,-
FNF:1
FNH:1
LF:5
LH:4
BRF:3
BRH:2
end_of_record
TN:
SF:src/libraries/UserSafeLib.sol
FN:27,UserSafeLib.verifySetOwnerSig
FNDA:6,UserSafeLib.verifySetOwnerSig
DA:33,6
DA:43,6
FN:46,UserSafeLib.verifyResetSpendingLimitSig
FNDA:7,UserSafeLib.verifyResetSpendingLimitSig
DA:53,7
DA:64,7
FN:67,UserSafeLib.verifyUpdateSpendingLimitSig
FNDA:3,UserSafeLib.verifyUpdateSpendingLimitSig
DA:73,3
DA:83,3
FN:86,UserSafeLib.verifySetCollateralLimitSig
FNDA:3,UserSafeLib.verifySetCollateralLimitSig
DA:92,3
DA:102,3
FN:105,UserSafeLib.verifyRequestWithdrawalSig
FNDA:8,UserSafeLib.verifyRequestWithdrawalSig
DA:113,8
DA:125,8
FN:128,UserSafeLib.verifySetUserRecoverySigner
FNDA:7,UserSafeLib.verifySetUserRecoverySigner
DA:134,7
DA:144,7
FN:147,UserSafeLib.verifySetRecoverySig
FNDA:2,UserSafeLib.verifySetRecoverySig
DA:153,2
DA:163,2
FN:166,UserSafeLib.verifyRecoverSig
FNDA:5,UserSafeLib.verifyRecoverSig
DA:172,5
DA:182,5
DA:184,4
FNF:8
FNH:8
LF:17
LH:17
BRF:0
BRH:0
end_of_record
TN:
SF:src/libraries/WebAuthn.sol
FN:106,WebAuthn.verify
FNDA:1,WebAuthn.verify
DA:113,1
BRDA:113,0,0,-
DA:115,0
DA:120,1
DA:124,1
BRDA:124,1,0,-
DA:125,0
DA:129,1
DA:132,1
DA:136,1
BRDA:136,2,0,-
DA:137,0
DA:144,1
DA:146,0
BRDA:146,3,0,-
DA:147,0
DA:153,1
DA:154,0
DA:156,0
BRDA:156,4,0,-
DA:157,0
DA:163,1
DA:167,1
DA:172,1
DA:180,1
DA:186,1
DA:187,1
DA:190,1
DA:191,1
FNF:1
FNH:1
LF:24
LH:16
BRF:5
BRH:0
end_of_record
TN:
SF:src/mocks/MockAaveAdapter.sol
FN:17,MockAave.supply
FNDA:0,MockAave.supply
DA:21,0
FN:24,MockAave.borrow
FNDA:0,MockAave.borrow
DA:28,0
FN:31,MockAave.repay
FNDA:0,MockAave.repay
DA:35,0
FN:38,MockAave.withdraw
FNDA:0,MockAave.withdraw
DA:42,0
FN:45,MockAave.getAccountData
FNDA:0,MockAave.getAccountData
DA:48,0
FN:59,MockAave.getDebt
FNDA:0,MockAave.getDebt
DA:63,0
FN:66,MockAave.getCollateralBalance
FNDA:0,MockAave.getCollateralBalance
DA:70,0
FN:78,MockAaveAdapter.
FNDA:0,MockAaveAdapter.
DA:79,0
FN:82,MockAaveAdapter.process
FNDA:0,MockAaveAdapter.process
DA:88,0
DA:89,0
DA:91,0
FN:99,MockAaveAdapter.supply
FNDA:0,MockAaveAdapter.supply
DA:100,0
FN:103,MockAaveAdapter.borrow
FNDA:0,MockAaveAdapter.borrow
DA:104,0
FN:107,MockAaveAdapter.repay
FNDA:0,MockAaveAdapter.repay
DA:108,0
FN:111,MockAaveAdapter.withdraw
FNDA:0,MockAaveAdapter.withdraw
DA:112,0
FN:115,MockAaveAdapter.getAccountData
FNDA:0,MockAaveAdapter.getAccountData
DA:118,0
FN:121,MockAaveAdapter.getDebt
FNDA:0,MockAaveAdapter.getDebt
DA:125,0
FN:128,MockAaveAdapter.getCollateralBalance
FNDA:0,MockAaveAdapter.getCollateralBalance
DA:132,0
FNF:16
FNH:0
LF:18
LH:0
BRF:0
BRH:0
end_of_record
TN:
SF:src/mocks/MockERC20.sol
FN:8,MockERC20.
FNDA:74,MockERC20.
DA:13,14
DA:15,28
FN:18,MockERC20.decimals
FNDA:35,MockERC20.decimals
DA:19,35
FN:22,MockERC20.mint
FNDA:0,MockERC20.mint
DA:23,0
FNF:3
FNH:2
LF:4
LH:3
BRF:0
BRH:0
end_of_record
TN:
SF:src/mocks/MockPriceProvider.sol
FN:10,MockPriceProvider.
FNDA:37,MockPriceProvider.
DA:11,16
FN:14,MockPriceProvider.setPrice
FNDA:1,MockPriceProvider.setPrice
DA:15,1
FN:18,MockPriceProvider.price
FNDA:83,MockPriceProvider.price
DA:21,83
FNF:3
FNH:3
LF:3
LH:3
BRF:0
BRH:0
end_of_record
TN:
SF:src/mocks/MockSwapper.sol
FN:11,MockSwapper.swap
FNDA:0,MockSwapper.swap
DA:20,0
BRDA:20,0,0,-
DA:21,0
DA:22,0
FNF:1
FNH:0
LF:3
LH:0
BRF:1
BRH:0
end_of_record
TN:
SF:src/mocks/UserSafeV2Mock.sol
FN:7,UserSafeV2Mock.
FNDA:0,UserSafeV2Mock.
FN:19,UserSafeV2Mock.version
FNDA:2,UserSafeV2Mock.version
DA:20,2
FNF:2
FNH:1
LF:1
LH:1
BRF:0
BRH:0
end_of_record
TN:
SF:src/oracle/PriceProvider.sol
FN:45,PriceProvider.
FNDA:470,PriceProvider.
DA:50,238
DA:51,296
FN:54,PriceProvider.setTokenConfig
FNDA:4,PriceProvider.setTokenConfig
DA:55,3
FN:58,PriceProvider.price
FNDA:273,PriceProvider.price
DA:59,273
BRDA:59,0,0,-
DA:60,0
DA:61,0
DA:64,273
DA:66,271
BRDA:66,1,0,271
DA:67,271
DA:68,271
DA:71,2
FN:74,PriceProvider._getEthUsdPrice
FNDA:271,PriceProvider._getEthUsdPrice
DA:75,271
DA:76,271
FN:79,PriceProvider.decimals
FNDA:4,PriceProvider.decimals
DA:80,277
FN:83,PriceProvider._getPrice
FNDA:544,PriceProvider._getPrice
DA:86,544
DA:87,544
BRDA:87,2,0,-
DA:89,543
BRDA:89,3,0,543
DA:90,543
DA:91,543
BRDA:91,4,0,-
DA:92,543
BRDA:92,5,0,-
DA:93,543
DA:96,1
DA:97,1
BRDA:97,6,0,-
DA:99,1
DA:100,1
BRDA:100,7,0,-
BRDA:100,7,1,-
DA:101,0
DA:102,0
BRDA:102,8,0,-
DA:103,0
DA:104,1
DA:106,1
FN:109,PriceProvider._setTokenConfig
FNDA:125,PriceProvider._setTokenConfig
DA:113,125
DA:114,67
BRDA:114,9,0,59
DA:116,124
DA:117,194
DA:119,136
DA:123,182
FNF:7
FNH:7
LF:36
LH:31
BRF:11
BRH:3
end_of_record
TN:
SF:src/preorder/PreOrder.sol
FN:64,PreOrder.initialize
FNDA:16,PreOrder.initialize
DA:72,16
BRDA:72,0,0,1
BRDA:72,0,1,15
DA:76,15
BRDA:76,1,0,1
BRDA:76,1,1,14
DA:77,14
BRDA:77,2,0,1
BRDA:77,2,1,13
DA:78,13
BRDA:78,3,0,1
BRDA:78,3,1,12
DA:80,12
DA:81,12
DA:83,12
DA:84,12
DA:85,12
DA:86,12
DA:88,12
DA:89,12
DA:90,287
DA:97,287
DA:103,11
FN:112,PreOrder.mint
FNDA:122,PreOrder.mint
DA:113,121
BRDA:113,4,0,2
BRDA:113,4,1,119
DA:114,119
BRDA:114,5,0,4
BRDA:114,5,1,115
DA:119,115
DA:120,115
DA:122,115
DA:123,115
BRDA:123,6,0,-
BRDA:123,6,1,115
DA:124,115
DA:126,115
FN:130,PreOrder.MintWithPermit
FNDA:6,PreOrder.MintWithPermit
DA:138,5
BRDA:138,7,0,2
BRDA:138,7,1,3
DA:139,3
BRDA:139,8,0,-
BRDA:139,8,1,3
DA:144,3
DA:153,1
DA:155,1
DA:156,1
DA:158,1
DA:160,1
FN:163,PreOrder.maxSupply
FNDA:4,PreOrder.maxSupply
DA:164,4
FN:171,PreOrder.uri
FNDA:1,PreOrder.uri
DA:172,1
FN:180,PreOrder.setTierData
FNDA:1,PreOrder.setTierData
DA:181,0
FN:185,PreOrder.setURI
FNDA:2,PreOrder.setURI
DA:186,1
FN:190,PreOrder.pauseContract
FNDA:1,PreOrder.pauseContract
DA:191,1
FN:195,PreOrder.unPauseContract
FNDA:2,PreOrder.unPauseContract
DA:196,1
FN:200,PreOrder.setAdmin
FNDA:1,PreOrder.setAdmin
DA:201,0
FN:205,PreOrder._authorizeUpgrade
FNDA:0,PreOrder._authorizeUpgrade
FN:213,PreOrder.onlyAdmin
FNDA:2,PreOrder.onlyAdmin
DA:214,2
BRDA:214,9,0,1
BRDA:214,9,1,1
FNF:12
FNH:11
LF:39
LH:37
BRF:20
BRH:18
end_of_record
TN:
SF:src/preorder/custom1155.sol
FN:46,CustomERC1155.setApprovalForAll
FNDA:0,CustomERC1155.setApprovalForAll
DA:47,0
DA:49,0
FN:52,CustomERC1155.safeTransferFrom
FNDA:1,CustomERC1155.safeTransferFrom
DA:59,1
FN:62,CustomERC1155.safeBatchTransferFrom
FNDA:2,CustomERC1155.safeBatchTransferFrom
DA:69,2
FN:72,CustomERC1155.balanceOf
FNDA:114,CustomERC1155.balanceOf
DA:73,114
BRDA:73,0,0,-
BRDA:73,0,1,114
DA:75,114
FN:78,CustomERC1155.balanceOfBatch
FNDA:0,CustomERC1155.balanceOfBatch
DA:84,0
BRDA:84,1,0,-
BRDA:84,1,1,-
DA:86,0
DA:91,0
DA:92,0
FN:99,CustomERC1155.tokensForUser
FNDA:6,CustomERC1155.tokensForUser
DA:100,6
BRDA:100,2,0,1
BRDA:100,2,1,5
DA:101,5
BRDA:101,3,0,1
BRDA:101,3,1,4
DA:103,4
DA:105,4
DA:106,4
DA:107,30439
BRDA:107,4,0,8
DA:108,8
DA:114,4
DA:116,4
FN:123,CustomERC1155.supportsInterface
FNDA:0,CustomERC1155.supportsInterface
DA:124,0
DA:125,0
DA:126,0
FN:133,CustomERC1155.safeMint
FNDA:116,CustomERC1155.safeMint
DA:134,116
DA:136,116
DA:138,116
BRDA:138,5,0,-
BRDA:138,5,1,116
FN:151,ERC1155TokenReceiver.onERC1155Received
FNDA:0,ERC1155TokenReceiver.onERC1155Received
DA:152,0
FN:155,ERC1155TokenReceiver.onERC1155BatchReceived
FNDA:0,ERC1155TokenReceiver.onERC1155BatchReceived
DA:160,0
FNF:10
FNH:5
LF:27
LH:16
BRF:11
BRH:7
end_of_record
TN:
SF:src/user-safe/UserSafe.sol
FN:60,UserSafe.
FNDA:0,UserSafe.
DA:65,0
DA:66,0
FN:69,UserSafe.initialize
FNDA:84,UserSafe.initialize
DA:74,84
DA:76,84
DA:86,84
DA:88,84
FN:94,UserSafe.owner
FNDA:42,UserSafe.owner
DA:96,69
DA:97,9
DA:100,60
FN:106,UserSafe.cashDataProvider
FNDA:0,UserSafe.cashDataProvider
DA:107,0
FN:113,UserSafe.pendingWithdrawalRequest
FNDA:5,UserSafe.pendingWithdrawalRequest
DA:118,5
FN:124,UserSafe.nonce
FNDA:45,UserSafe.nonce
DA:125,45
FN:131,UserSafe.applicableSpendingLimit
FNDA:18,UserSafe.applicableSpendingLimit
DA:136,18
DA:138,18
DA:139,7
DA:140,6
BRDA:140,1,0,6
BRDA:137,1,1,12
DA:141,12
DA:144,18
BRDA:144,2,0,1
DA:145,1
DA:146,1
DA:153,18
FN:159,UserSafe.applicableCollateralLimit
FNDA:5,UserSafe.applicableCollateralLimit
DA:161,5
DA:162,2
DA:165,4
FN:171,UserSafe.setOwner
FNDA:6,UserSafe.setOwner
DA:176,6
DA:177,6
DA:179,6
DA:182,6
DA:183,6
FN:189,UserSafe.resetSpendingLimit
FNDA:7,UserSafe.resetSpendingLimit
DA:194,7
DA:200,7
FN:206,UserSafe.updateSpendingLimit
FNDA:3,UserSafe.updateSpendingLimit
DA:210,3
DA:211,3
FN:217,UserSafe.setCollateralLimit
FNDA:3,UserSafe.setCollateralLimit
DA:221,3
DA:222,3
FN:228,UserSafe.receiveFunds
FNDA:1,UserSafe.receiveFunds
DA:229,1
DA:230,1
FN:236,UserSafe.receiveFundsWithPermit
FNDA:0,UserSafe.receiveFundsWithPermit
DA:246,0
DA:255,0
DA:257,0
DA:258,0
FN:264,UserSafe.requestWithdrawal
FNDA:9,UserSafe.requestWithdrawal
DA:270,9
BRDA:270,4,0,7
DA:272,8
DA:279,8
FN:285,UserSafe.processWithdrawal
FNDA:2,UserSafe.processWithdrawal
DA:286,2
DA:287,1
BRDA:287,5,0,1
DA:288,1
DA:289,1
DA:291,1
DA:292,2
DA:298,2
DA:302,1
DA:308,1
FN:314,UserSafe.setIsRecoveryActive
FNDA:2,UserSafe.setIsRecoveryActive
DA:318,2
FN:324,UserSafe.setUserRecoverySigner
FNDA:7,UserSafe.setUserRecoverySigner
DA:328,7
FN:334,UserSafe.recoverUserSafe
FNDA:9,UserSafe.recoverUserSafe
DA:338,8
FN:344,UserSafe.transfer
FNDA:12,UserSafe.transfer
DA:348,11
BRDA:348,6,0,1
DA:350,10
DA:351,6
DA:353,5
DA:357,5
FN:363,UserSafe.swapAndTransfer
FNDA:4,UserSafe.swapAndTransfer
DA:372,4
BRDA:372,7,0,-
DA:374,4
DA:375,3
DA:380,2
DA:382,2
DA:392,2
DA:393,2
DA:394,0
BRDA:394,8,0,-
DA:396,2
DA:397,1
BRDA:397,9,0,1
DA:399,1
DA:404,1
FN:415,UserSafe.addCollateral
FNDA:6,UserSafe.addCollateral
DA:419,5
DA:420,5
FN:426,UserSafe.addCollateralAndBorrow
FNDA:5,UserSafe.addCollateralAndBorrow
DA:432,5
DA:433,5
DA:434,5
FN:440,UserSafe.borrow
FNDA:0,UserSafe.borrow
DA:441,0
DA:442,0
FN:448,UserSafe.repay
FNDA:2,UserSafe.repay
DA:452,2
DA:453,2
FN:459,UserSafe.withdrawCollateralFromDebtManager
FNDA:1,UserSafe.withdrawCollateralFromDebtManager
DA:463,1
DA:464,1
FN:470,UserSafe.closeAccountWithDebtManager
FNDA:1,UserSafe.closeAccountWithDebtManager
DA:471,1
DA:473,1
FN:476,UserSafe._getSpendingLimitRenewalTimestamp
FNDA:93,UserSafe._getSpendingLimitRenewalTimestamp
DA:480,93
DA:481,1
BRDA:481,10,0,1
BRDA:480,10,1,-
DA:482,92
DA:483,1
BRDA:483,11,0,1
BRDA:482,11,1,-
DA:484,91
DA:485,90
BRDA:485,12,0,90
BRDA:484,12,1,-
DA:486,1
DA:487,1
BRDA:487,13,0,1
BRDA:486,13,1,-
DA:488,0
FN:491,UserSafe._swapFunds
FNDA:2,UserSafe._swapFunds
DA:499,2
DA:500,2
DA:504,2
DA:505,2
FN:515,UserSafe._resetSpendingLimit
FNDA:7,UserSafe._resetSpendingLimit
DA:519,7
DA:521,7
BRDA:521,14,0,2
BRDA:521,14,1,5
DA:522,2
DA:523,2
DA:525,2
DA:535,2
DA:537,5
DA:538,5
DA:540,5
DA:549,5
FN:553,UserSafe._updateSpendingLimit
FNDA:3,UserSafe._updateSpendingLimit
DA:554,3
DA:556,3
BRDA:556,15,0,2
BRDA:556,15,1,1
DA:557,2
DA:558,2
DA:560,2
DA:566,2
DA:568,1
DA:569,1
DA:571,1
DA:575,1
FN:583,UserSafe._setCollateralLimit
FNDA:3,UserSafe._setCollateralLimit
DA:584,3
DA:586,3
BRDA:586,16,0,2
BRDA:586,16,1,1
DA:587,2
DA:588,2
DA:590,2
DA:595,2
DA:597,1
DA:600,1
DA:602,1
FN:611,UserSafe._requestWithdrawal
FNDA:8,UserSafe._requestWithdrawal
DA:616,8
DA:618,8
DA:619,8
BRDA:619,17,0,1
DA:621,7
DA:623,7
DA:624,12
DA:625,1
BRDA:625,18,0,1
DA:628,11
DA:632,6
DA:639,6
FN:642,UserSafe._cancelOldWithdrawal
FNDA:8,UserSafe._cancelOldWithdrawal
DA:643,8
BRDA:643,19,0,1
DA:644,1
DA:650,1
FN:654,UserSafe._setOwner
FNDA:6,UserSafe._setOwner
DA:655,6
DA:656,6
FN:659,UserSafe._setIncomingOwner
FNDA:4,UserSafe._setIncomingOwner
DA:660,4
DA:661,4
DA:662,4
DA:664,4
DA:665,4
FN:668,UserSafe._getDecimals
FNDA:28,UserSafe._getDecimals
DA:669,28
FN:672,UserSafe._checkSpendingLimit
FNDA:19,UserSafe._checkSpendingLimit
DA:673,19
DA:676,19
BRDA:676,20,0,1
DA:677,1
DA:678,1
DA:684,19
DA:687,19
BRDA:687,21,0,-
BRDA:687,21,1,19
DA:688,0
DA:691,0
DA:693,19
DA:695,1
BRDA:695,22,0,1
DA:698,19
DA:699,5
BRDA:699,23,0,5
DA:701,14
FN:704,UserSafe._checkCollateralLimit
FNDA:9,UserSafe._checkCollateralLimit
DA:709,9
DA:711,9
DA:712,9
DA:714,9
DA:715,9
BRDA:715,24,0,1
FN:718,UserSafe._addCollateral
FNDA:10,UserSafe._addCollateral
DA:723,10
BRDA:723,25,0,1
DA:725,9
DA:726,8
DA:728,7
DA:729,7
DA:735,7
FN:738,UserSafe._borrow
FNDA:5,UserSafe._borrow
DA:743,5
BRDA:743,26,0,-
DA:745,5
DA:747,5
DA:748,5
FN:751,UserSafe._repay
FNDA:2,UserSafe._repay
DA:757,2
DA:759,2
DA:764,2
FN:767,UserSafe._withdrawCollateralFromDebtManager
FNDA:1,UserSafe._withdrawCollateralFromDebtManager
DA:772,1
BRDA:772,27,0,-
DA:773,1
DA:774,1
FN:777,UserSafe._updateWithdrawalRequestIfNecessary
FNDA:17,UserSafe._updateWithdrawalRequestIfNecessary
DA:781,17
DA:783,17
BRDA:783,28,0,3
DA:785,14
DA:786,14
DA:787,14
DA:788,1
BRDA:788,29,0,1
DA:789,1
DA:790,1
DA:793,0
DA:798,14
DA:800,1
BRDA:800,31,0,1
DA:801,1
DA:802,1
FN:806,UserSafe._currentSpendingLimit
FNDA:29,UserSafe._currentSpendingLimit
DA:808,29
DA:809,4
DA:810,4
BRDA:810,32,0,4
DA:811,4
DA:812,4
DA:813,4
FN:817,UserSafe._currentOwner
FNDA:45,UserSafe._currentOwner
DA:819,45
DA:820,3
DA:821,2
BRDA:821,33,0,2
DA:822,2
DA:823,2
DA:824,2
FN:828,UserSafe._currentCollateralLimit
FNDA:12,UserSafe._currentCollateralLimit
DA:830,12
DA:831,0
DA:832,0
BRDA:832,34,0,-
DA:833,0
DA:834,0
DA:835,0
FN:839,UserSafe._isCollateralToken
FNDA:30,UserSafe._isCollateralToken
DA:840,30
DA:841,30
FN:845,UserSafe._isBorrowToken
FNDA:20,UserSafe._isBorrowToken
DA:846,20
DA:847,20
FN:851,UserSafe._onlyEtherFiWallet
FNDA:31,UserSafe._onlyEtherFiWallet
DA:852,31
DA:853,2
BRDA:853,35,0,2
FN:856,UserSafe._checkDuplicates
FNDA:7,UserSafe._checkDuplicates
DA:857,7
DA:861,21
DA:862,15
DA:864,15
DA:867,15
BRDA:867,36,0,1
DA:869,1
DA:870,1
DA:874,14
DA:877,18
DA:878,12
DA:879,12
DA:880,12
FN:885,UserSafe.onlyEtherFiWallet
FNDA:5,UserSafe.onlyEtherFiWallet
DA:886,5
FN:890,UserSafe.incrementNonce
FNDA:9,UserSafe.incrementNonce
DA:891,9
FN:895,UserSafe.currentOwner
FNDA:9,UserSafe.currentOwner
DA:896,9
FNF:54
FNH:50
LF:235
LH:216
BRF:43
BRH:33
end_of_record
TN:
SF:src/user-safe/UserSafeFactory.sol
FN:27,UserSafeFactory.
FNDA:9,UserSafeFactory.
DA:28,9
FN:31,UserSafeFactory.initialize
FNDA:68,UserSafeFactory.initialize
DA:37,68
DA:38,68
DA:39,68
DA:40,68
FN:43,UserSafeFactory.setCashDataProvider
FNDA:3,UserSafeFactory.setCashDataProvider
DA:44,2
BRDA:44,0,0,1
DA:45,1
DA:46,1
FN:49,UserSafeFactory.setBeacon
FNDA:3,UserSafeFactory.setBeacon
DA:50,2
BRDA:50,1,0,1
DA:51,1
DA:52,1
FN:55,UserSafeFactory.getUserSafeAddress
FNDA:3,UserSafeFactory.getUserSafeAddress
DA:56,3
FN:64,UserSafeFactory.createUserSafe
FNDA:86,UserSafeFactory.createUserSafe
DA:65,85
DA:75,84
DA:77,84
DA:78,84
FN:81,UserSafeFactory.upgradeUserSafeImpl
FNDA:2,UserSafeFactory.upgradeUserSafeImpl
DA:82,1
FN:85,UserSafeFactory._authorizeUpgrade
FNDA:2,UserSafeFactory._authorizeUpgrade
FNF:8
FNH:8
LF:17
LH:17
BRF:2
BRH:2
end_of_record
TN:
SF:src/user-safe/UserSafeRecovery.sol
FN:28,UserSafeRecovery.
FNDA:0,UserSafeRecovery.
DA:32,0
DA:33,0
BRDA:33,0,0,-
DA:34,0
DA:35,0
FN:38,UserSafeRecovery.__UserSafeRecovery_init
FNDA:84,UserSafeRecovery.__UserSafeRecovery_init
DA:39,84
FN:45,UserSafeRecovery.recoverySigners
FNDA:9,UserSafeRecovery.recoverySigners
DA:50,9
DA:51,9
DA:52,9
FN:58,UserSafeRecovery.isRecoveryActive
FNDA:3,UserSafeRecovery.isRecoveryActive
DA:59,3
FN:62,UserSafeRecovery._setIsRecoveryActive
FNDA:2,UserSafeRecovery._setIsRecoveryActive
DA:63,2
DA:64,2
FN:67,UserSafeRecovery._setIsRecoveryActive
FNDA:2,UserSafeRecovery._setIsRecoveryActive
DA:72,2
DA:78,2
FN:81,UserSafeRecovery._setUserRecoverySigner
FNDA:7,UserSafeRecovery._setUserRecoverySigner
DA:82,7
DA:83,1
BRDA:83,1,0,1
DA:85,6
DA:86,6
FN:89,UserSafeRecovery._setUserRecoverySigner
FNDA:7,UserSafeRecovery._setUserRecoverySigner
DA:94,7
DA:100,7
FN:103,UserSafeRecovery._recoverUserSafe
FNDA:8,UserSafeRecovery._recoverUserSafe
DA:108,8
DA:109,1
BRDA:109,2,0,1
DA:111,7
DA:112,7
DA:113,5
DA:115,5
DA:122,4
FN:125,UserSafeRecovery._getRecoveryOwner
FNDA:12,UserSafeRecovery._getRecoveryOwner
DA:128,12
BRDA:128,3,0,5
BRDA:128,3,1,1
DA:129,5
DA:130,1
BRDA:130,4,0,1
DA:132,4
DA:133,7
BRDA:133,5,0,4
BRDA:133,5,1,1
DA:134,3
BRDA:134,6,0,2
BRDA:134,6,1,1
DA:135,1
FN:138,UserSafeRecovery._onlyWhenRecoveryActive
FNDA:9,UserSafeRecovery._onlyWhenRecoveryActive
DA:139,9
BRDA:139,7,0,1
FN:144,UserSafeRecovery.onlyWhenRecoveryActive
FNDA:9,UserSafeRecovery.onlyWhenRecoveryActive
DA:145,9
FNF:12
FNH:11
LF:35
LH:31
BRF:11
BRH:10
end_of_record
TN:
SF:src/utils/CashDataProvider.sol
FN:39,CashDataProvider.initialize
FNDA:144,CashDataProvider.initialize
DA:50,144
DA:51,144
DA:52,144
DA:54,144
DA:55,144
DA:56,144
DA:57,144
DA:58,144
DA:59,144
DA:60,144
FN:63,CashDataProvider._authorizeUpgrade
FNDA:0,CashDataProvider._authorizeUpgrade
FN:70,CashDataProvider.delay
FNDA:25,CashDataProvider.delay
DA:71,25
FN:77,CashDataProvider.isEtherFiWallet
FNDA:34,CashDataProvider.isEtherFiWallet
DA:78,34
FN:84,CashDataProvider.etherFiCashMultiSig
FNDA:37,CashDataProvider.etherFiCashMultiSig
DA:85,37
FN:91,CashDataProvider.etherFiCashDebtManager
FNDA:66,CashDataProvider.etherFiCashDebtManager
DA:92,66
FN:98,CashDataProvider.priceProvider
FNDA:353,CashDataProvider.priceProvider
DA:99,353
FN:105,CashDataProvider.swapper
FNDA:4,CashDataProvider.swapper
DA:106,4
FN:112,CashDataProvider.aaveAdapter
FNDA:13,CashDataProvider.aaveAdapter
DA:113,13
FN:119,CashDataProvider.userSafeFactory
FNDA:2,CashDataProvider.userSafeFactory
DA:120,2
FN:126,CashDataProvider.isUserSafe
FNDA:107,CashDataProvider.isUserSafe
DA:127,107
FN:133,CashDataProvider.setDelay
FNDA:3,CashDataProvider.setDelay
DA:134,2
BRDA:134,0,0,1
DA:135,1
DA:136,1
FN:142,CashDataProvider.grantEtherFiWalletRole
FNDA:4,CashDataProvider.grantEtherFiWalletRole
DA:143,3
BRDA:143,1,0,1
DA:144,2
BRDA:144,2,0,1
DA:145,1
DA:147,1
FN:153,CashDataProvider.revokeEtherFiWalletRole
FNDA:3,CashDataProvider.revokeEtherFiWalletRole
DA:154,2
BRDA:154,3,0,1
DA:155,1
DA:156,1
FN:162,CashDataProvider.setEtherFiCashMultiSig
FNDA:3,CashDataProvider.setEtherFiCashMultiSig
DA:163,2
BRDA:163,4,0,1
DA:165,1
DA:166,1
FN:172,CashDataProvider.setEtherFiCashDebtManager
FNDA:3,CashDataProvider.setEtherFiCashDebtManager
DA:175,2
BRDA:175,5,0,1
DA:177,1
DA:178,1
FN:184,CashDataProvider.setPriceProvider
FNDA:13,CashDataProvider.setPriceProvider
DA:185,12
BRDA:185,6,0,1
DA:186,11
DA:187,11
FN:193,CashDataProvider.setSwapper
FNDA:3,CashDataProvider.setSwapper
DA:194,2
BRDA:194,7,0,1
DA:195,1
DA:196,1
FN:202,CashDataProvider.setAaveAdapter
FNDA:3,CashDataProvider.setAaveAdapter
DA:203,2
BRDA:203,8,0,1
DA:204,1
DA:205,1
FN:211,CashDataProvider.setUserSafeFactory
FNDA:3,CashDataProvider.setUserSafeFactory
DA:212,2
BRDA:212,9,0,1
DA:213,1
DA:214,1
FN:220,CashDataProvider.whitelistUserSafe
FNDA:165,CashDataProvider.whitelistUserSafe
DA:221,165
BRDA:221,10,0,1
DA:222,164
DA:223,164
FNF:21
FNH:20
LF:50
LH:50
BRF:11
BRH:11
end_of_record
TN:
SF:src/utils/ReentrancyGuardTransientUpgradeable.sol
FN:32,ReentrancyGuardTransientUpgradeable.nonReentrant
FNDA:9,ReentrancyGuardTransientUpgradeable.nonReentrant
DA:33,9
DA:35,8
FN:38,ReentrancyGuardTransientUpgradeable.__ReentrancyGuardTransient_init
FNDA:0,ReentrancyGuardTransientUpgradeable.__ReentrancyGuardTransient_init
FN:41,ReentrancyGuardTransientUpgradeable.__ReentrancyGuardTransient_init_unchained
FNDA:133,ReentrancyGuardTransientUpgradeable.__ReentrancyGuardTransient_init_unchained
FN:43,ReentrancyGuardTransientUpgradeable._nonReentrantBefore
FNDA:90,ReentrancyGuardTransientUpgradeable._nonReentrantBefore
DA:45,90
BRDA:45,0,0,-
DA:46,0
DA:50,90
FN:53,ReentrancyGuardTransientUpgradeable._nonReentrantAfter
FNDA:81,ReentrancyGuardTransientUpgradeable._nonReentrantAfter
DA:54,81
FN:61,ReentrancyGuardTransientUpgradeable._reentrancyGuardEntered
FNDA:90,ReentrancyGuardTransientUpgradeable._reentrancyGuardEntered
DA:62,90
FNF:6
FNH:5
LF:7
LH:6
BRF:1
BRH:0
end_of_record
TN:
SF:src/utils/StorageSlot.sol
FN:84,StorageSlot.getAddressSlot
FNDA:0,StorageSlot.getAddressSlot
DA:86,0
FN:93,StorageSlot.getBooleanSlot
FNDA:0,StorageSlot.getBooleanSlot
DA:95,0
FN:102,StorageSlot.getBytes32Slot
FNDA:0,StorageSlot.getBytes32Slot
DA:104,0
FN:111,StorageSlot.getUint256Slot
FNDA:0,StorageSlot.getUint256Slot
DA:113,0
FN:120,StorageSlot.getInt256Slot
FNDA:0,StorageSlot.getInt256Slot
DA:122,0
FN:129,StorageSlot.getStringSlot
FNDA:0,StorageSlot.getStringSlot
DA:131,0
FN:138,StorageSlot.getStringSlot
FNDA:0,StorageSlot.getStringSlot
DA:140,0
FN:147,StorageSlot.getBytesSlot
FNDA:0,StorageSlot.getBytesSlot
DA:149,0
FN:156,StorageSlot.getBytesSlot
FNDA:0,StorageSlot.getBytesSlot
DA:158,0
FN:170,StorageSlot.asAddress
FNDA:0,StorageSlot.asAddress
DA:171,0
FN:182,StorageSlot.asBoolean
FNDA:261,StorageSlot.asBoolean
DA:183,261
FN:194,StorageSlot.asBytes32
FNDA:0,StorageSlot.asBytes32
DA:195,0
FN:206,StorageSlot.asUint256
FNDA:0,StorageSlot.asUint256
DA:207,0
FN:218,StorageSlot.asInt256
FNDA:0,StorageSlot.asInt256
DA:219,0
FN:225,StorageSlot.tload
FNDA:0,StorageSlot.tload
DA:227,0
FN:234,StorageSlot.tstore
FNDA:0,StorageSlot.tstore
DA:236,0
FN:243,StorageSlot.tload
FNDA:90,StorageSlot.tload
DA:245,90
FN:252,StorageSlot.tstore
FNDA:171,StorageSlot.tstore
DA:254,171
FN:261,StorageSlot.tload
FNDA:0,StorageSlot.tload
DA:263,0
FN:270,StorageSlot.tstore
FNDA:0,StorageSlot.tstore
DA:272,0
FN:279,StorageSlot.tload
FNDA:0,StorageSlot.tload
DA:281,0
FN:288,StorageSlot.tstore
FNDA:0,StorageSlot.tstore
DA:290,0
FN:297,StorageSlot.tload
FNDA:0,StorageSlot.tload
DA:299,0
FN:306,StorageSlot.tstore
FNDA:0,StorageSlot.tstore
DA:308,0
FNF:24
FNH:3
LF:24
LH:3
BRF:0
BRH:0
end_of_record
TN:
SF:src/utils/Swapper1InchV6.sol
FN:31,Swapper1InchV6.
FNDA:0,Swapper1InchV6.
DA:32,0
DA:33,0
FN:44,Swapper1InchV6.swap
FNDA:0,Swapper1InchV6.swap
DA:53,0
DA:55,0
BRDA:55,0,0,-
BRDA:55,0,1,-
DA:57,0
DA:61,0
DA:70,0
DA:75,0
BRDA:75,1,0,-
BRDA:75,1,1,-
DA:77,0
DA:78,0
DA:85,0
BRDA:85,2,0,-
BRDA:85,2,1,-
DA:87,0
DA:91,0
DA:100,0
DA:103,0
BRDA:103,3,0,-
FN:111,Swapper1InchV6.approveAssets
FNDA:0,Swapper1InchV6.approveAssets
DA:112,0
FN:115,Swapper1InchV6._approveAssets
FNDA:0,Swapper1InchV6._approveAssets
DA:116,0
DA:118,0
FNF:4
FNH:0
LF:18
LH:0
BRF:7
BRH:0
end_of_record
TN:
SF:src/utils/SwapperOpenOcean.sol
FN:16,SwapperOpenOcean.
FNDA:926,SwapperOpenOcean.
DA:17,862
DA:18,409
FN:24,SwapperOpenOcean.swap
FNDA:3,SwapperOpenOcean.swap
DA:32,3
DA:36,3
DA:41,3
DA:54,3
DA:60,3
BRDA:60,0,0,-
FN:68,SwapperOpenOcean.approveAssets
FNDA:0,SwapperOpenOcean.approveAssets
DA:69,0
FN:72,SwapperOpenOcean._approveAssets
FNDA:129,SwapperOpenOcean._approveAssets
DA:73,385
DA:75,70
FNF:4
FNH:3
LF:10
LH:9
BRF:1
BRH:0
end_of_record
TN:
SF:test/CashWrappedToken/CashWrappedTokenFactory.t.sol
FN:12,CashWrappedERC20V2.version
FNDA:2,CashWrappedERC20V2.version
DA:13,2
FNF:1
FNH:1
LF:1
LH:1
BRF:0
BRH:0
end_of_record
TN:
SF:test/DebtManager/DebtManagerSetup.t.sol
FN:65,DebtManagerSetup.setUp
FNDA:65,DebtManagerSetup.setUp
DA:66,65
DA:68,65
DA:70,65
BRDA:70,0,0,-
BRDA:70,0,1,65
DA:71,0
DA:73,0
DA:74,0
DA:75,0
DA:79,0
DA:81,65
DA:83,65
DA:84,65
DA:86,65
DA:87,65
DA:89,65
DA:90,65
DA:93,65
DA:94,65
DA:96,65
DA:106,65
DA:116,65
DA:117,65
DA:118,65
DA:120,65
DA:121,65
DA:122,65
DA:123,65
DA:125,65
DA:131,65
DA:141,65
DA:142,65
DA:146,65
DA:147,65
DA:148,65
DA:149,65
DA:151,65
DA:152,65
DA:155,65
DA:156,65
DA:157,65
DA:158,65
DA:160,65
DA:161,65
DA:165,65
DA:166,65
DA:171,65
DA:172,65
DA:173,65
DA:174,65
DA:176,65
DA:179,65
DA:181,65
DA:193,65
DA:199,65
DA:200,65
DA:201,65
DA:202,65
DA:203,65
DA:209,65
DA:211,65
DA:212,65
FNF:1
FNH:1
LF:60
LH:55
BRF:2
BRH:1
end_of_record
TN:
SF:test/ForkTest.t.sol
FN:17,ForkTest.setUp
FNDA:0,ForkTest.setUp
DA:18,0
DA:20,0
DA:21,0
FNF:1
FNH:0
LF:3
LH:0
BRF:0
BRH:0
end_of_record
TN:
SF:test/IntegrationTest/IntegrationTestSetup.t.sol
FN:85,IntegrationTestSetup.setUp
FNDA:6,IntegrationTestSetup.setUp
DA:86,6
DA:88,6
DA:90,6
DA:92,6
BRDA:92,0,0,-
BRDA:92,0,1,6
DA:93,0
DA:94,0
DA:96,0
DA:97,0
DA:100,0
DA:102,6
DA:103,6
DA:105,6
DA:106,6
DA:107,6
DA:108,6
DA:109,6
DA:111,6
DA:112,6
DA:114,6
DA:115,6
DA:125,6
DA:135,6
DA:136,6
DA:137,6
DA:139,6
DA:140,6
DA:141,6
DA:142,6
DA:144,6
DA:150,6
DA:151,6
DA:155,6
DA:165,6
DA:166,6
DA:170,6
DA:171,6
DA:172,6
DA:173,6
DA:175,6
DA:176,6
DA:180,6
DA:181,6
DA:182,6
DA:183,6
DA:185,6
DA:186,6
DA:187,6
DA:188,6
DA:190,6
DA:192,6
DA:196,6
DA:200,6
DA:206,6
DA:208,6
DA:221,6
DA:233,6
DA:238,6
DA:239,6
DA:240,6
DA:241,6
DA:242,6
DA:248,6
DA:249,6
DA:251,6
DA:253,6
DA:266,6
DA:267,6
DA:268,6
DA:270,6
FNF:1
FNH:1
LF:69
LH:64
BRF:2
BRH:1
end_of_record
TN:
SF:test/UserSafe/UserSafeFactory.t.sol
FN:17,UserSafeFactoryV2.version
FNDA:1,UserSafeFactoryV2.version
DA:18,1
FNF:1
FNH:1
LF:1
LH:1
BRF:0
BRH:0
end_of_record
TN:
SF:test/UserSafe/UserSafeSetup.t.sol
FN:83,UserSafeSetup.setUp
FNDA:62,UserSafeSetup.setUp
DA:84,62
DA:86,62
DA:88,62
DA:90,62
BRDA:90,0,0,-
BRDA:90,0,1,62
DA:91,0
DA:92,0
DA:94,0
DA:95,0
DA:98,0
DA:100,62
DA:101,62
DA:103,62
DA:104,62
DA:105,62
DA:106,62
DA:107,62
DA:109,62
DA:110,62
DA:112,62
DA:114,62
DA:124,62
DA:134,62
DA:135,62
DA:136,62
DA:138,62
DA:139,62
DA:140,62
DA:141,62
DA:143,62
DA:149,62
DA:150,62
DA:154,62
DA:164,62
DA:165,62
DA:169,62
DA:170,62
DA:171,62
DA:172,62
DA:174,62
DA:175,62
DA:179,62
DA:180,62
DA:181,62
DA:182,62
DA:184,62
DA:185,62
DA:186,62
DA:187,62
DA:189,62
DA:191,62
DA:195,62
DA:199,62
DA:205,62
DA:207,62
DA:221,62
DA:233,62
DA:238,62
DA:239,62
DA:240,62
DA:241,62
DA:242,62
DA:249,62
DA:250,62
DA:252,62
DA:254,62
DA:267,62
DA:268,62
DA:269,62
DA:271,62
FNF:1
FNH:1
LF:69
LH:64
BRF:2
BRH:1
end_of_record
TN:
SF:test/Utils.sol
FN:29,Utils.getChainConfig
FNDA:135,Utils.getChainConfig
DA:32,135
DA:34,135
DA:38,135
DA:40,135
DA:42,135
DA:47,135
DA:52,135
DA:57,135
DA:62,135
DA:67,135
DA:72,135
DA:77,135
DA:82,135
DA:87,135
DA:92,135
FN:95,Utils.isFork
FNDA:161,Utils.isFork
DA:96,161
FN:101,Utils.isScroll
FNDA:2,Utils.isScroll
DA:102,2
FN:107,Utils.getQuoteOneInch
FNDA:0,Utils.getQuoteOneInch
DA:115,0
DA:116,0
DA:117,0
DA:118,0
DA:119,0
DA:120,0
DA:121,0
DA:122,0
DA:123,0
DA:124,0
DA:126,0
FN:129,Utils.getQuoteOpenOcean
FNDA:2,Utils.getQuoteOpenOcean
DA:137,2
DA:138,2
DA:139,2
DA:140,2
DA:141,2
DA:142,2
DA:143,2
DA:144,2
DA:145,2
DA:146,2
DA:148,2
FN:151,Utils.buildAccessControlRevertData
FNDA:13,Utils.buildAccessControlRevertData
DA:155,13
DA:156,13
FNF:6
FNH:5
LF:41
LH:30
BRF:0
BRH:0
end_of_record
TN:
SF:test/WebAuthnUtils.sol
FN:16,WebAuthnUtils.getWebAuthnStruct
FNDA:1,WebAuthnUtils.getWebAuthnStruct
DA:19,1
DA:20,1
DA:29,1
DA:32,1
DA:33,1
DA:37,1
FN:42,WebAuthnUtils.normalizeS
FNDA:1,WebAuthnUtils.normalizeS
DA:43,1
BRDA:43,0,0,-
DA:44,0
DA:47,1
FNF:2
FNH:2
LF:9
LH:8
BRF:1
BRH:0
end_of_record
